[18:38:03] [main/INFO]: Loading Minecraft 1.21.10 with Fabric Loader 0.17.3
[18:38:03] [main/INFO]: Loading 35 mods:
	- c2me 0.3.6+alpha.0.3+1.21.10
	   |-- c2me-base 0.3.6+alpha.0.3+1.21.10
	   |-- c2me-client-uncapvd 0.3.6+alpha.0.3+1.21.10
	   |-- c2me-fixes-chunkio-threading-issues 0.3.6+alpha.0.3+1.21.10
	   |-- c2me-fixes-general-threading-issues 0.3.6+alpha.0.3+1.21.10
	   |-- c2me-fixes-worldgen-threading-issues 0.3.6+alpha.0.3+1.21.10
	   |-- c2me-fixes-worldgen-vanilla-bugs 0.3.6+alpha.0.3+1.21.10
	   |-- c2me-notickvd 0.3.6+alpha.0.3+1.21.10
	   |-- c2me-opts-allocs 0.3.6+alpha.0.3+1.21.10
	   |-- c2me-opts-chunkio 0.3.6+alpha.0.3+1.21.10
	   |-- c2me-opts-dfc 0.3.6+alpha.0.3+1.21.10
	   |-- c2me-opts-math 0.3.6+alpha.0.3+1.21.10
	   |-- c2me-opts-scheduling 0.3.6+alpha.0.3+1.21.10
	   |-- c2me-opts-worldgen-general 0.3.6+alpha.0.3+1.21.10
	   |-- c2me-opts-worldgen-vanilla 0.3.6+alpha.0.3+1.21.10
	   |-- c2me-rewrites-chunk-serializer 0.3.6+alpha.0.3+1.21.10
	   |-- c2me-rewrites-chunk-system 0.3.6+alpha.0.3+1.21.10
	   |-- c2me-rewrites-chunkio 0.3.6+alpha.0.3+1.21.10
	   |-- c2me-server-utils 0.3.6+alpha.0.3+1.21.10
	   |-- c2me-threading-lighting 0.3.6+alpha.0.3+1.21.10
	   |-- com_electronwill_night-config_core 3.6.5
	   |-- com_electronwill_night-config_toml 3.6.5
	   |-- com_ibm_async_asyncutil 0.1.0
	   |-- io_reactivex_rxjava3_rxjava 3.1.12
	   |-- mixinsquared 0.2.0-beta.6
	   |-- net_objecthunter_exp4j 0.4.8
	   |-- org_jctools_jctools-core 4.0.5
	   \-- org_reactivestreams_reactive-streams 1.0.4
	- fabricloader 0.17.3
	   \-- mixinextras 0.5.0
	- ferritecore 8.0.0
	- java 21
	- krypton 0.2.10
	   \-- com_velocitypowered_velocity-native 3.4.0-SNAPSHOT
	- lithium 0.20.0+mc1.21.10
	- minecraft 1.21.10
[18:38:03] [main/INFO]: SpongePowered MIXIN Subsystem Version=0.8.7 Source=file:/data/libraries/net/fabricmc/sponge-mixin/0.16.5+mixin.0.8.7/sponge-mixin-0.16.5+mixin.0.8.7.jar Service=Knot/Fabric Env=SERVER
[18:38:04] [main/INFO]: Compatibility level set to JAVA_16
[18:38:04] [main/INFO]: Compatibility level set to JAVA_17
[18:38:04] [main/INFO]: Compatibility level set to JAVA_21
[18:38:04] [main/INFO]: Initializing com.ishland.c2me.base.mixin
[18:38:04] [main/INFO]: Global Executor Parallelism: 6 configured, 6 evaluated, 6 default evaluated
[18:38:04] [main/INFO]: Initializing com.ishland.c2me.fixes.chunkio.threading_issues.mixin
[18:38:04] [main/INFO]: Initializing com.ishland.c2me.fixes.general.threading_issues.mixin
[18:38:04] [main/INFO]: Initializing com.ishland.c2me.fixes.worldgen.threading_issues.mixin
[18:38:04] [main/INFO]: Initializing com.ishland.c2me.fixes.worldgen.vanilla_bugs.mixin
[18:38:04] [main/INFO]: Initializing com.ishland.c2me.notickvd.mixin
[18:38:04] [main/INFO]: Initializing com.ishland.c2me.opts.allocs.mixin
[18:38:04] [main/INFO]: Initializing com.ishland.c2me.opts.chunkio.mixin
[18:38:04] [main/INFO]: Initializing com.ishland.c2me.opts.dfc.mixin
[18:38:04] [main/INFO]: Initializing com.ishland.c2me.opts.math.mixin
[18:38:04] [main/INFO]: Initializing com.ishland.c2me.opts.scheduling.mixin
[18:38:04] [main/INFO]: Initializing com.ishland.c2me.opts.worldgen.general.mixin
[18:38:05] [main/INFO]: Initializing com.ishland.c2me.opts.worldgen.vanilla.mixin
[18:38:05] [main/INFO]: Initializing com.ishland.c2me.rewrites.chunk_serializer.mixin
[18:38:05] [main/INFO]: Disabling com.ishland.c2me.rewrites.chunk_serializer.mixin
[18:38:05] [main/INFO]: Initializing com.ishland.c2me.rewrites.chunksystem.mixin
[18:38:05] [main/INFO]: Initializing com.ishland.c2me.rewrites.chunkio.mixin
[18:38:05] [main/INFO]: Initializing com.ishland.c2me.server.utils.mixin
[18:38:05] [main/INFO]: Initializing com.ishland.c2me.threading.lighting.mixin
[18:38:05] [main/WARN]: Mod 'ferritecore' attempted to override option 'mixin.alloc.blockstate', which doesn't exist, ignoring
[18:38:05] [main/INFO]: Loaded configuration file for Lithium: 163 options available, 0 override(s) found.
[18:38:05] [main/WARN]: Error loading class: net/fabricmc/fabric/impl/base/event/ArrayBackedEvent (java.lang.ClassNotFoundException: net/fabricmc/fabric/impl/base/event/ArrayBackedEvent)
[18:38:05] [main/WARN]: @Mixin target net.fabricmc.fabric.impl.base.event.ArrayBackedEvent was not found c2me-base.mixins.json:access.fapi.IArrayBackedEvent from mod c2me-base
[18:38:05] [main/WARN]: Error loading class: ca/spottedleaf/starlight/common/thread/SchedulingUtil (java.lang.ClassNotFoundException: ca/spottedleaf/starlight/common/thread/SchedulingUtil)
[18:38:06] [main/INFO]: Initializing MixinExtras via com.llamalad7.mixinextras.service.MixinExtrasServiceImpl(version=0.5.0).
[18:38:16] [main/INFO]: Compression will use libdeflate (Linux x86_64), encryption will use OpenSSL 3.x.x (Linux x86_64)
[18:38:16] [main/INFO]: Krypton is now accelerating your Minecraft server's networking stack 🚀
[18:38:16] [main/WARN]: You specified a resource pack without providing a sha1 hash. Pack will be updated on the client only if you change the name of the pack.
[18:38:16] [main/WARN]: resource-pack-id missing, using default of b8d40e85-be0c-3a48-9ba5-3bee4f758319
[18:38:16] [main/INFO]: Environment: Environment[sessionHost=https://sessionserver.mojang.com, servicesHost=https://api.minecraftservices.com, profilesHost=https://api.mojang.com, name=PROD]
[18:38:17] [main/ERROR]: Couldn't load file/Katters Structures.zip pack metadata: Pack declares support for version newer than 81, but is missing mandatory fields min_format and max_format
[18:38:17] [main/ERROR]: Couldn't load file/Shield Progression.zip pack metadata: Pack declares support for version newer than 81, but is missing mandatory fields min_format and max_format
[18:38:17] [main/ERROR]: Couldn't load file/Stellarity-5.1.1.zip pack metadata: Pack key supported_formats is deprecated starting from pack format 82. Remove supported_formats from your pack.mcmeta.
[18:38:17] [main/ERROR]: Couldn't load file/Training_Dummy-Datapack-v1.1.3.zip pack metadata: Pack key supported_formats is deprecated starting from pack format 82. Remove supported_formats from your pack.mcmeta.
[18:38:17] [main/INFO]: Found non-pack entry './world/datapacks/tree-cut', ignoring
[18:38:17] [main/WARN]: Non [a-z0-9_.-] character in namespace .DS_Store in pack ./world/datapacks/Health-2.0.0.zip, ignoring
[18:38:17] [main/WARN]: Non [a-z0-9_.-] character in namespace .DS_Store in pack ./world/datapacks/Health-2.0.0.zip, ignoring
[18:38:26] [Worker-Main-3/ERROR]: Couldn't parse data file 'mm:entities/diamond' from 'mm:loot_table/entities/diamond.json': DataResult.Error['Failed to parse either. First: Failed to parse either. First: Not a number: {"min":1}; Second: Failed to parse either. First: Input does not contain a key [type]: MapLike[{"min":1}]; Second: No key max in MapLike[{"min":1}]; Second: Not a json array: {"function":"set_count","count":{"min":1}}': net.minecraft.class_52@5dd74998]
[18:38:27] [Worker-Main-3/ERROR]: Couldn't parse data file 'mm:rando' from 'mm:loot_table/rando.json': DataResult.Error['Unknown element name:addition; Unknown registry key in ResourceKey[minecraft:root / minecraft:attribute]: minecraft:random; No key id in MapLike[{"name":"random","attribute":"random","operation":"addition","slot":"mainhand","amount":{"type":"minecraft:uniform","min":-2147483648,"max":2147483647}}]': net.minecraft.class_52@3753fbff]
[18:38:27] [Worker-Main-3/WARN]: Found loot table element validation problem in {minecraft:blocks/pitcher_crop@minecraft:loot_table}.pools[1].entries[0]->{infinity_cave:custom_items/frostpale_plant@minecraft:loot_table}.pools[0].entries[0]: Unreachable entry!
[18:38:27] [Worker-Main-3/WARN]: Found loot table element validation problem in {infinity_cave:custom_items/frostpale_plant@minecraft:loot_table}.pools[0].entries[0]: Unreachable entry!
[18:38:32] [main/INFO]: Loaded 1842 recipes
[18:38:32] [main/INFO]: Loaded 2137 advancements
[18:38:33] [Server thread/INFO]: Starting minecraft server version 1.21.10
[18:38:33] [Server thread/INFO]: Loading properties
[18:38:33] [Server thread/INFO]: Default game type: SURVIVAL
[18:38:33] [Server thread/INFO]: Generating keypair
[18:38:33] [Server thread/INFO]: Starting Minecraft server on *:25565
[18:38:33] [Server thread/INFO]: Using epoll channel type
[18:38:33] [Server thread/WARN]: **** SERVER IS RUNNING IN OFFLINE/INSECURE MODE!
[18:38:33] [Server thread/WARN]: The server will make no attempt to authenticate usernames. Beware.
[18:38:33] [Server thread/WARN]: While this makes the game possible to play without internet access, it also opens up the ability for hackers to connect with any username they choose.
[18:38:33] [Server thread/WARN]: To change this, set "online-mode" to "true" in the server.properties file.
[18:38:33] [Server thread/INFO]: Preparing level "world"
[18:38:33] [Server thread/INFO]: Enforcing safe world random access
[18:38:34] [Server thread/INFO]: [STDOUT]: Density function compilation finished in 612.0 ms
[18:38:35] [Server thread/INFO]: Using TheSpeedyObjectFactory with Unsafe
[18:38:35] [Server thread/INFO]: [STDOUT]: Density function compilation finished in 15.84 ms
[18:38:36] [Server thread/INFO]: [STDOUT]: Density function compilation finished in 651.7 ms
[18:38:36] [Server thread/INFO]: [STDOUT]: Density function compilation finished in 72.37 ms
[18:38:37] [Server thread/INFO]: Loading 0 persistent chunks...
[18:38:37] [Server thread/INFO]: Preparing spawn area: 100%
[18:38:37] [Server thread/INFO]: Time elapsed: 23 ms
[18:38:37] [Server thread/INFO]: Done (3.127s)! For help, type "help"
[18:38:37] [Server thread/INFO]: Starting remote control listener
[18:38:37] [Server thread/INFO]: Thread RCON Listener started
[18:38:37] [Server thread/INFO]: RCON running on 0.0.0.0:25575
[18:38:38] [Server thread/INFO]: [Not Secure] [Server] Veinminer-Enchantment Loaded
[18:38:38] [Server thread/INFO]: [Not Secure] [Server] Please note: This is an addon, Veinminer needs to be installed too (https://modrinth.com/project/veinminer)
[18:39:11] [Server thread/WARN]: handleDisconnection() called twice
[18:39:37] [Server thread/INFO]: Server empty for 60 seconds, pausing
[18:40:01] [Server thread/INFO]: AkalakKruaboon[/172.20.0.1:47806] logged in with entity id 1550 at (-501.80835239732374, 65.0, -340.3154443405281)
[18:40:01] [Server thread/INFO]: AkalakKruaboon joined the game
[18:40:03] [Server thread/WARN]: Can't keep up! Is the server overloaded? Running 2118ms or 42 ticks behind
[18:40:21] [Server thread/WARN]: Can't keep up! Is the server overloaded? Running 3523ms or 70 ticks behind
[18:40:30] [Server thread/INFO]: AkalakKruaboon was slain by Iron Golem
[18:42:33] [RCON Listener #1/INFO]: Thread RCON Client /0:0:0:0:0:0:0:1 started
[18:42:33] [Server thread/INFO]: [Rcon: Stopping the server]
[18:42:33] [RCON Client /0:0:0:0:0:0:0:1 #2/INFO]: Thread RCON Client /0:0:0:0:0:0:0:1 shutting down
[18:42:33] [Server thread/INFO]: Stopping server
[18:42:33] [Server thread/INFO]: Saving players
